2022-06-18 23:06:40.702 [main] INFO  o.s.c.s.PostProcessorRegistrationDelegate$BeanPostProcessorChecker - Bean 'org.springframework.cloud.autoconfigure.ConfigurationPropertiesRebinderAutoConfiguration' of type [org.springframework.cloud.autoconfigure.ConfigurationPropertiesRebinderAutoConfiguration$$EnhancerBySpringCGLIB$$99327f46] is not eligible for getting processed by all BeanPostProcessors (for example: not eligible for auto-proxying)
2022-06-18 23:06:40.856 [main] INFO  com.hznu.xdd.Xdd_Application - The following profiles are active: test
2022-06-18 23:06:41.621 [main] INFO  o.s.d.r.config.RepositoryConfigurationDelegate - Multiple Spring Data modules found, entering strict repository configuration mode!
2022-06-18 23:06:41.623 [main] INFO  o.s.d.r.config.RepositoryConfigurationDelegate - Bootstrapping Spring Data repositories in DEFAULT mode.
2022-06-18 23:06:41.664 [main] INFO  o.s.d.r.config.RepositoryConfigurationDelegate - Finished Spring Data repository scanning in 28ms. Found 0 repository interfaces.
2022-06-18 23:06:41.906 [main] INFO  o.springframework.cloud.context.scope.GenericScope - BeanFactory id=334c5501-7902-3cf8-9896-048e326ef0a5
2022-06-18 23:06:41.930 [main] INFO  o.s.c.s.PostProcessorRegistrationDelegate$BeanPostProcessorChecker - Bean 'asyncTaskExecutePool' of type [com.hznu.xdd.config.AsyncTaskExecutePool$$EnhancerBySpringCGLIB$$c459e7cc] is not eligible for getting processed by all BeanPostProcessors (for example: not eligible for auto-proxying)
2022-06-18 23:06:42.037 [main] INFO  o.s.c.s.PostProcessorRegistrationDelegate$BeanPostProcessorChecker - Bean 'org.springframework.transaction.annotation.ProxyTransactionManagementConfiguration' of type [org.springframework.transaction.annotation.ProxyTransactionManagementConfiguration$$EnhancerBySpringCGLIB$$7d187c49] is not eligible for getting processed by all BeanPostProcessors (for example: not eligible for auto-proxying)
2022-06-18 23:06:42.149 [main] INFO  o.s.c.s.PostProcessorRegistrationDelegate$BeanPostProcessorChecker - Bean 'org.springframework.cloud.autoconfigure.ConfigurationPropertiesRebinderAutoConfiguration' of type [org.springframework.cloud.autoconfigure.ConfigurationPropertiesRebinderAutoConfiguration$$EnhancerBySpringCGLIB$$99327f46] is not eligible for getting processed by all BeanPostProcessors (for example: not eligible for auto-proxying)
2022-06-18 23:06:42.461 [main] INFO  o.s.boot.web.embedded.tomcat.TomcatWebServer - Tomcat initialized with port(s): 8991 (http)
2022-06-18 23:06:42.472 [main] INFO  org.apache.coyote.http11.Http11NioProtocol - Initializing ProtocolHandler ["http-nio-8991"]
2022-06-18 23:06:42.479 [main] INFO  org.apache.catalina.core.StandardService - Starting service [Tomcat]
2022-06-18 23:06:42.479 [main] INFO  org.apache.catalina.core.StandardEngine - Starting Servlet engine: [Apache Tomcat/9.0.19]
2022-06-18 23:06:42.553 [main] INFO  o.a.c.core.ContainerBase.[Tomcat].[localhost].[/] - Initializing Spring embedded WebApplicationContext
2022-06-18 23:06:42.553 [main] INFO  org.springframework.web.context.ContextLoader - Root WebApplicationContext: initialization completed in 1680 ms
2022-06-18 23:06:42.759 [main] INFO  c.a.d.s.b.a.DruidDataSourceAutoConfigure - Init DruidDataSource
2022-06-18 23:06:43.159 [main] INFO  com.alibaba.druid.pool.DruidDataSource - {dataSource-1} inited
2022-06-18 23:06:44.871 [main] INFO  o.s.security.web.DefaultSecurityFilterChain - Creating filter chain: OrRequestMatcher [requestMatchers=[Ant [pattern='/oauth/token'], Ant [pattern='/oauth/token_key'], Ant [pattern='/oauth/check_token']]], [org.springframework.security.web.context.request.async.WebAsyncManagerIntegrationFilter@2acb1264, org.springframework.security.web.context.SecurityContextPersistenceFilter@6ae42248, org.springframework.security.web.header.HeaderWriterFilter@64665781, org.springframework.security.web.authentication.logout.LogoutFilter@16fc5622, org.springframework.security.oauth2.provider.client.ClientCredentialsTokenEndpointFilter@5891b7c5, org.springframework.security.web.authentication.www.BasicAuthenticationFilter@15d58530, org.springframework.security.web.savedrequest.RequestCacheAwareFilter@54941dfd, org.springframework.security.web.servletapi.SecurityContextHolderAwareRequestFilter@4345fd45, org.springframework.security.web.authentication.AnonymousAuthenticationFilter@30a01dd8, org.springframework.security.web.session.SessionManagementFilter@50672905, org.springframework.security.web.access.ExceptionTranslationFilter@70c31b17, org.springframework.security.web.access.intercept.FilterSecurityInterceptor@404009df]
2022-06-18 23:06:44.884 [main] INFO  o.s.security.web.DefaultSecurityFilterChain - Creating filter chain: OrRequestMatcher [requestMatchers=[any request]], [org.springframework.security.web.context.request.async.WebAsyncManagerIntegrationFilter@73dbe25, org.springframework.security.web.context.SecurityContextPersistenceFilter@aedc426, org.springframework.security.web.header.HeaderWriterFilter@7b52b18a, org.springframework.security.web.authentication.logout.LogoutFilter@7a730479, org.springframework.security.oauth2.provider.authentication.OAuth2AuthenticationProcessingFilter@4eac65db, com.hznu.xdd.config.weixin.WeiXinMiniProgramAuthenticationFilter@bfd97fb, org.springframework.security.web.savedrequest.RequestCacheAwareFilter@39b85a73, org.springframework.security.web.servletapi.SecurityContextHolderAwareRequestFilter@5788722f, org.springframework.security.web.authentication.AnonymousAuthenticationFilter@6bfdaa7a, org.springframework.security.web.session.SessionManagementFilter@1bc6c20d, org.springframework.security.web.access.ExceptionTranslationFilter@7c69e1e1, org.springframework.security.web.access.intercept.FilterSecurityInterceptor@1b28cff]
2022-06-18 23:06:44.892 [main] INFO  o.s.security.web.DefaultSecurityFilterChain - Creating filter chain: any request, [org.springframework.security.web.context.request.async.WebAsyncManagerIntegrationFilter@2a54c92e, org.springframework.security.web.context.SecurityContextPersistenceFilter@75bf9e67, org.springframework.security.web.header.HeaderWriterFilter@7ecb9e17, org.springframework.security.web.csrf.CsrfFilter@2a075e70, org.springframework.security.web.authentication.logout.LogoutFilter@31880efa, org.springframework.security.web.authentication.UsernamePasswordAuthenticationFilter@343d1d25, org.springframework.security.web.authentication.ui.DefaultLoginPageGeneratingFilter@3caa4d85, org.springframework.security.web.authentication.ui.DefaultLogoutPageGeneratingFilter@31533eb1, org.springframework.security.web.authentication.www.BasicAuthenticationFilter@76dc36e5, org.springframework.security.web.savedrequest.RequestCacheAwareFilter@55b62db8, org.springframework.security.web.servletapi.SecurityContextHolderAwareRequestFilter@772f3a3f, org.springframework.security.web.authentication.AnonymousAuthenticationFilter@1fb71788, org.springframework.security.web.session.SessionManagementFilter@6475e778, org.springframework.security.web.access.ExceptionTranslationFilter@538e74fc, org.springframework.security.web.access.intercept.FilterSecurityInterceptor@7ee2423]
2022-06-18 23:06:45.053 [main] INFO  o.s.scheduling.concurrent.ThreadPoolTaskExecutor - Initializing ExecutorService 'applicationTaskExecutor'
2022-06-18 23:06:45.513 [main] WARN  o.s.b.a.freemarker.FreeMarkerAutoConfiguration - Cannot find template location(s): [classpath:/templates/] (please add some templates, check your FreeMarker configuration, or set spring.freemarker.checkTemplateLocation=false)
2022-06-18 23:06:45.557 [main] INFO  o.s.b.actuate.endpoint.web.EndpointLinksResolver - Exposing 2 endpoint(s) beneath base path '/actuator'
2022-06-18 23:06:45.585 [main] INFO  o.s.scheduling.concurrent.ThreadPoolTaskScheduler - Initializing ExecutorService 'taskScheduler'
2022-06-18 23:06:45.907 [main] INFO  org.apache.coyote.http11.Http11NioProtocol - Starting ProtocolHandler ["http-nio-8991"]
2022-06-18 23:06:45.937 [main] INFO  o.s.boot.web.embedded.tomcat.TomcatWebServer - Tomcat started on port(s): 8991 (http) with context path ''
2022-06-18 23:06:45.939 [main] INFO  com.hznu.xdd.Xdd_Application - Started Xdd_Application in 5.933 seconds (JVM running for 7.477)
2022-06-18 23:06:46.078 [RMI TCP Connection(1)-127.0.0.1] INFO  o.a.c.core.ContainerBase.[Tomcat].[localhost].[/] - Initializing Spring DispatcherServlet 'dispatcherServlet'
2022-06-18 23:06:46.078 [RMI TCP Connection(1)-127.0.0.1] INFO  org.springframework.web.servlet.DispatcherServlet - Initializing Servlet 'dispatcherServlet'
2022-06-18 23:06:46.094 [RMI TCP Connection(1)-127.0.0.1] INFO  org.springframework.web.servlet.DispatcherServlet - Completed initialization in 16 ms
2022-06-18 23:06:46.813 [parallel-1] INFO  io.lettuce.core.EpollProvider - Starting without optional epoll library
2022-06-18 23:06:46.814 [parallel-1] INFO  io.lettuce.core.KqueueProvider - Starting without optional kqueue library
2022-06-18 23:06:46.839 [parallel-1] WARN  io.netty.util.internal.MacAddressUtil - Failed to find a usable hardware address from the network interfaces; using random bytes: 6b:ec:90:e3:9a:6b:8b:d3
2022-06-18 23:09:45.769 [Thread-15] INFO  o.s.scheduling.concurrent.ThreadPoolTaskScheduler - Shutting down ExecutorService 'taskScheduler'
2022-06-18 23:09:45.773 [Thread-15] INFO  o.s.scheduling.concurrent.ThreadPoolTaskExecutor - Shutting down ExecutorService 'applicationTaskExecutor'
2022-06-18 23:09:46.903 [Thread-15] INFO  com.alibaba.druid.pool.DruidDataSource - {dataSource-1} closing ...
2022-06-18 23:09:46.918 [Thread-15] INFO  com.alibaba.druid.pool.DruidDataSource - {dataSource-1} closed
2022-06-18 23:11:26.245 [main] INFO  o.s.c.s.PostProcessorRegistrationDelegate$BeanPostProcessorChecker - Bean 'org.springframework.cloud.autoconfigure.ConfigurationPropertiesRebinderAutoConfiguration' of type [org.springframework.cloud.autoconfigure.ConfigurationPropertiesRebinderAutoConfiguration$$EnhancerBySpringCGLIB$$6297202d] is not eligible for getting processed by all BeanPostProcessors (for example: not eligible for auto-proxying)
2022-06-18 23:11:26.376 [main] INFO  com.hznu.xdd.Xdd_Application - The following profiles are active: test
2022-06-18 23:11:27.095 [main] INFO  o.s.d.r.config.RepositoryConfigurationDelegate - Multiple Spring Data modules found, entering strict repository configuration mode!
2022-06-18 23:11:27.097 [main] INFO  o.s.d.r.config.RepositoryConfigurationDelegate - Bootstrapping Spring Data repositories in DEFAULT mode.
2022-06-18 23:11:27.136 [main] INFO  o.s.d.r.config.RepositoryConfigurationDelegate - Finished Spring Data repository scanning in 29ms. Found 0 repository interfaces.
2022-06-18 23:11:27.383 [main] INFO  o.springframework.cloud.context.scope.GenericScope - BeanFactory id=334c5501-7902-3cf8-9896-048e326ef0a5
2022-06-18 23:11:27.409 [main] INFO  o.s.c.s.PostProcessorRegistrationDelegate$BeanPostProcessorChecker - Bean 'asyncTaskExecutePool' of type [com.hznu.xdd.config.AsyncTaskExecutePool$$EnhancerBySpringCGLIB$$8dbe88b3] is not eligible for getting processed by all BeanPostProcessors (for example: not eligible for auto-proxying)
2022-06-18 23:11:27.494 [main] INFO  o.s.c.s.PostProcessorRegistrationDelegate$BeanPostProcessorChecker - Bean 'org.springframework.transaction.annotation.ProxyTransactionManagementConfiguration' of type [org.springframework.transaction.annotation.ProxyTransactionManagementConfiguration$$EnhancerBySpringCGLIB$$467d1d30] is not eligible for getting processed by all BeanPostProcessors (for example: not eligible for auto-proxying)
2022-06-18 23:11:27.588 [main] INFO  o.s.c.s.PostProcessorRegistrationDelegate$BeanPostProcessorChecker - Bean 'org.springframework.cloud.autoconfigure.ConfigurationPropertiesRebinderAutoConfiguration' of type [org.springframework.cloud.autoconfigure.ConfigurationPropertiesRebinderAutoConfiguration$$EnhancerBySpringCGLIB$$6297202d] is not eligible for getting processed by all BeanPostProcessors (for example: not eligible for auto-proxying)
2022-06-18 23:11:27.879 [main] INFO  o.s.boot.web.embedded.tomcat.TomcatWebServer - Tomcat initialized with port(s): 8991 (http)
2022-06-18 23:11:27.891 [main] INFO  org.apache.coyote.http11.Http11NioProtocol - Initializing ProtocolHandler ["http-nio-8991"]
2022-06-18 23:11:27.897 [main] INFO  org.apache.catalina.core.StandardService - Starting service [Tomcat]
2022-06-18 23:11:27.897 [main] INFO  org.apache.catalina.core.StandardEngine - Starting Servlet engine: [Apache Tomcat/9.0.19]
2022-06-18 23:11:27.969 [main] INFO  o.a.c.core.ContainerBase.[Tomcat].[localhost].[/] - Initializing Spring embedded WebApplicationContext
2022-06-18 23:11:27.969 [main] INFO  org.springframework.web.context.ContextLoader - Root WebApplicationContext: initialization completed in 1578 ms
2022-06-18 23:11:28.177 [main] INFO  c.a.d.s.b.a.DruidDataSourceAutoConfigure - Init DruidDataSource
2022-06-18 23:11:28.446 [main] INFO  com.alibaba.druid.pool.DruidDataSource - {dataSource-1} inited
2022-06-18 23:11:30.106 [main] INFO  o.s.security.web.DefaultSecurityFilterChain - Creating filter chain: OrRequestMatcher [requestMatchers=[Ant [pattern='/oauth/token'], Ant [pattern='/oauth/token_key'], Ant [pattern='/oauth/check_token']]], [org.springframework.security.web.context.request.async.WebAsyncManagerIntegrationFilter@5891b7c5, org.springframework.security.web.context.SecurityContextPersistenceFilter@1a0ffb9b, org.springframework.security.web.header.HeaderWriterFilter@727dcc64, org.springframework.security.web.authentication.logout.LogoutFilter@36a58466, org.springframework.security.oauth2.provider.client.ClientCredentialsTokenEndpointFilter@2a16d4dc, org.springframework.security.web.authentication.www.BasicAuthenticationFilter@336d28a1, org.springframework.security.web.savedrequest.RequestCacheAwareFilter@50f3ba6a, org.springframework.security.web.servletapi.SecurityContextHolderAwareRequestFilter@5b5b53c6, org.springframework.security.web.authentication.AnonymousAuthenticationFilter@4fc3529, org.springframework.security.web.session.SessionManagementFilter@61eab26b, org.springframework.security.web.access.ExceptionTranslationFilter@4e5d5ac1, org.springframework.security.web.access.intercept.FilterSecurityInterceptor@52d63b7e]
2022-06-18 23:11:30.115 [main] INFO  o.s.security.web.DefaultSecurityFilterChain - Creating filter chain: OrRequestMatcher [requestMatchers=[any request]], [org.springframework.security.web.context.request.async.WebAsyncManagerIntegrationFilter@1c8e8fed, org.springframework.security.web.context.SecurityContextPersistenceFilter@7c8df667, org.springframework.security.web.header.HeaderWriterFilter@35ceec81, org.springframework.security.web.authentication.logout.LogoutFilter@1f5d7fd5, org.springframework.security.oauth2.provider.authentication.OAuth2AuthenticationProcessingFilter@718f3088, com.hznu.xdd.config.weixin.WeiXinMiniProgramAuthenticationFilter@70f98f7a, org.springframework.security.web.savedrequest.RequestCacheAwareFilter@498e41a4, org.springframework.security.web.servletapi.SecurityContextHolderAwareRequestFilter@be616f0, org.springframework.security.web.authentication.AnonymousAuthenticationFilter@713e7d9a, org.springframework.security.web.session.SessionManagementFilter@d13379e, org.springframework.security.web.access.ExceptionTranslationFilter@32c0fecc, org.springframework.security.web.access.intercept.FilterSecurityInterceptor@3a7469ca]
2022-06-18 23:11:30.123 [main] INFO  o.s.security.web.DefaultSecurityFilterChain - Creating filter chain: any request, [org.springframework.security.web.context.request.async.WebAsyncManagerIntegrationFilter@8d810f2, org.springframework.security.web.context.SecurityContextPersistenceFilter@18cbc3c2, org.springframework.security.web.header.HeaderWriterFilter@3cad24ae, org.springframework.security.web.csrf.CsrfFilter@839755f, org.springframework.security.web.authentication.logout.LogoutFilter@65ef9a0a, org.springframework.security.web.authentication.UsernamePasswordAuthenticationFilter@6b7c4734, org.springframework.security.web.authentication.ui.DefaultLoginPageGeneratingFilter@6d31f14, org.springframework.security.web.authentication.ui.DefaultLogoutPageGeneratingFilter@537b3be1, org.springframework.security.web.authentication.www.BasicAuthenticationFilter@114b203, org.springframework.security.web.savedrequest.RequestCacheAwareFilter@1b25d695, org.springframework.security.web.servletapi.SecurityContextHolderAwareRequestFilter@4ef8090b, org.springframework.security.web.authentication.AnonymousAuthenticationFilter@15d58530, org.springframework.security.web.session.SessionManagementFilter@58021c3c, org.springframework.security.web.access.ExceptionTranslationFilter@17053b5, org.springframework.security.web.access.intercept.FilterSecurityInterceptor@45bf93bb]
2022-06-18 23:11:30.275 [main] INFO  o.s.scheduling.concurrent.ThreadPoolTaskExecutor - Initializing ExecutorService 'applicationTaskExecutor'
2022-06-18 23:11:30.795 [main] WARN  o.s.b.a.freemarker.FreeMarkerAutoConfiguration - Cannot find template location(s): [classpath:/templates/] (please add some templates, check your FreeMarker configuration, or set spring.freemarker.checkTemplateLocation=false)
2022-06-18 23:11:30.859 [main] INFO  o.s.b.actuate.endpoint.web.EndpointLinksResolver - Exposing 2 endpoint(s) beneath base path '/actuator'
2022-06-18 23:11:30.898 [main] INFO  o.s.scheduling.concurrent.ThreadPoolTaskScheduler - Initializing ExecutorService 'taskScheduler'
2022-06-18 23:11:31.058 [main] INFO  org.apache.coyote.http11.Http11NioProtocol - Starting ProtocolHandler ["http-nio-8991"]
2022-06-18 23:11:31.074 [main] INFO  o.s.boot.web.embedded.tomcat.TomcatWebServer - Tomcat started on port(s): 8991 (http) with context path ''
2022-06-18 23:11:31.077 [main] INFO  com.hznu.xdd.Xdd_Application - Started Xdd_Application in 5.397 seconds (JVM running for 5.95)
2022-06-18 23:11:31.398 [http-nio-8991-exec-1] INFO  o.a.c.core.ContainerBase.[Tomcat].[localhost].[/] - Initializing Spring DispatcherServlet 'dispatcherServlet'
2022-06-18 23:11:31.398 [http-nio-8991-exec-1] INFO  org.springframework.web.servlet.DispatcherServlet - Initializing Servlet 'dispatcherServlet'
2022-06-18 23:11:31.407 [http-nio-8991-exec-1] INFO  org.springframework.web.servlet.DispatcherServlet - Completed initialization in 9 ms
2022-06-18 23:13:55.179 [parallel-1] INFO  io.lettuce.core.EpollProvider - Starting without optional epoll library
2022-06-18 23:13:55.180 [parallel-1] INFO  io.lettuce.core.KqueueProvider - Starting without optional kqueue library
2022-06-18 23:13:55.205 [parallel-1] WARN  io.netty.util.internal.MacAddressUtil - Failed to find a usable hardware address from the network interfaces; using random bytes: 9e:97:81:d1:4d:2d:54:0f
2022-06-18 23:26:12.456 [Thread-15] INFO  o.s.scheduling.concurrent.ThreadPoolTaskScheduler - Shutting down ExecutorService 'taskScheduler'
2022-06-18 23:26:12.460 [Thread-15] INFO  o.s.scheduling.concurrent.ThreadPoolTaskExecutor - Shutting down ExecutorService 'applicationTaskExecutor'
2022-06-18 23:26:13.582 [Thread-15] INFO  com.alibaba.druid.pool.DruidDataSource - {dataSource-1} closing ...
2022-06-18 23:26:13.589 [Thread-15] INFO  com.alibaba.druid.pool.DruidDataSource - {dataSource-1} closed
2022-06-18 23:26:20.510 [main] INFO  o.s.c.s.PostProcessorRegistrationDelegate$BeanPostProcessorChecker - Bean 'org.springframework.cloud.autoconfigure.ConfigurationPropertiesRebinderAutoConfiguration' of type [org.springframework.cloud.autoconfigure.ConfigurationPropertiesRebinderAutoConfiguration$$EnhancerBySpringCGLIB$$1466cfa2] is not eligible for getting processed by all BeanPostProcessors (for example: not eligible for auto-proxying)
2022-06-18 23:26:20.643 [main] INFO  com.hznu.xdd.Xdd_Application - The following profiles are active: test
2022-06-18 23:26:21.383 [main] INFO  o.s.d.r.config.RepositoryConfigurationDelegate - Multiple Spring Data modules found, entering strict repository configuration mode!
2022-06-18 23:26:21.385 [main] INFO  o.s.d.r.config.RepositoryConfigurationDelegate - Bootstrapping Spring Data repositories in DEFAULT mode.
2022-06-18 23:26:21.425 [main] INFO  o.s.d.r.config.RepositoryConfigurationDelegate - Finished Spring Data repository scanning in 30ms. Found 0 repository interfaces.
2022-06-18 23:26:21.701 [main] INFO  o.springframework.cloud.context.scope.GenericScope - BeanFactory id=334c5501-7902-3cf8-9896-048e326ef0a5
2022-06-18 23:26:21.727 [main] INFO  o.s.c.s.PostProcessorRegistrationDelegate$BeanPostProcessorChecker - Bean 'asyncTaskExecutePool' of type [com.hznu.xdd.config.AsyncTaskExecutePool$$EnhancerBySpringCGLIB$$3f8e3828] is not eligible for getting processed by all BeanPostProcessors (for example: not eligible for auto-proxying)
2022-06-18 23:26:21.814 [main] INFO  o.s.c.s.PostProcessorRegistrationDelegate$BeanPostProcessorChecker - Bean 'org.springframework.transaction.annotation.ProxyTransactionManagementConfiguration' of type [org.springframework.transaction.annotation.ProxyTransactionManagementConfiguration$$EnhancerBySpringCGLIB$$f84ccca5] is not eligible for getting processed by all BeanPostProcessors (for example: not eligible for auto-proxying)
2022-06-18 23:26:21.920 [main] INFO  o.s.c.s.PostProcessorRegistrationDelegate$BeanPostProcessorChecker - Bean 'org.springframework.cloud.autoconfigure.ConfigurationPropertiesRebinderAutoConfiguration' of type [org.springframework.cloud.autoconfigure.ConfigurationPropertiesRebinderAutoConfiguration$$EnhancerBySpringCGLIB$$1466cfa2] is not eligible for getting processed by all BeanPostProcessors (for example: not eligible for auto-proxying)
2022-06-18 23:26:22.245 [main] INFO  o.s.boot.web.embedded.tomcat.TomcatWebServer - Tomcat initialized with port(s): 8991 (http)
2022-06-18 23:26:22.258 [main] INFO  org.apache.coyote.http11.Http11NioProtocol - Initializing ProtocolHandler ["http-nio-8991"]
2022-06-18 23:26:22.265 [main] INFO  org.apache.catalina.core.StandardService - Starting service [Tomcat]
2022-06-18 23:26:22.266 [main] INFO  org.apache.catalina.core.StandardEngine - Starting Servlet engine: [Apache Tomcat/9.0.19]
2022-06-18 23:26:22.342 [main] INFO  o.a.c.core.ContainerBase.[Tomcat].[localhost].[/] - Initializing Spring embedded WebApplicationContext
2022-06-18 23:26:22.343 [main] INFO  org.springframework.web.context.ContextLoader - Root WebApplicationContext: initialization completed in 1685 ms
2022-06-18 23:26:22.551 [main] INFO  c.a.d.s.b.a.DruidDataSourceAutoConfigure - Init DruidDataSource
2022-06-18 23:26:22.869 [main] INFO  com.alibaba.druid.pool.DruidDataSource - {dataSource-1} inited
2022-06-18 23:26:24.598 [main] INFO  o.s.security.web.DefaultSecurityFilterChain - Creating filter chain: OrRequestMatcher [requestMatchers=[Ant [pattern='/oauth/token'], Ant [pattern='/oauth/token_key'], Ant [pattern='/oauth/check_token']]], [org.springframework.security.web.context.request.async.WebAsyncManagerIntegrationFilter@5e8f0f98, org.springframework.security.web.context.SecurityContextPersistenceFilter@73385d3f, org.springframework.security.web.header.HeaderWriterFilter@131c0b6f, org.springframework.security.web.authentication.logout.LogoutFilter@35454c7a, org.springframework.security.oauth2.provider.client.ClientCredentialsTokenEndpointFilter@646cb2e, org.springframework.security.web.authentication.www.BasicAuthenticationFilter@16fc5622, org.springframework.security.web.savedrequest.RequestCacheAwareFilter@4449a60b, org.springframework.security.web.servletapi.SecurityContextHolderAwareRequestFilter@6480a063, org.springframework.security.web.authentication.AnonymousAuthenticationFilter@6bf0f70a, org.springframework.security.web.session.SessionManagementFilter@6be50b35, org.springframework.security.web.access.ExceptionTranslationFilter@4b336cc8, org.springframework.security.web.access.intercept.FilterSecurityInterceptor@2976ef56]
2022-06-18 23:26:24.609 [main] INFO  o.s.security.web.DefaultSecurityFilterChain - Creating filter chain: OrRequestMatcher [requestMatchers=[any request]], [org.springframework.security.web.context.request.async.WebAsyncManagerIntegrationFilter@cf08c97, org.springframework.security.web.context.SecurityContextPersistenceFilter@714bffd5, org.springframework.security.web.header.HeaderWriterFilter@644947ee, org.springframework.security.web.authentication.logout.LogoutFilter@71262020, org.springframework.security.oauth2.provider.authentication.OAuth2AuthenticationProcessingFilter@2965dd88, com.hznu.xdd.config.weixin.WeiXinMiniProgramAuthenticationFilter@37c87fcc, org.springframework.security.web.savedrequest.RequestCacheAwareFilter@6ac9b66b, org.springframework.security.web.servletapi.SecurityContextHolderAwareRequestFilter@4491eaeb, org.springframework.security.web.authentication.AnonymousAuthenticationFilter@ca2be53, org.springframework.security.web.session.SessionManagementFilter@25421809, org.springframework.security.web.access.ExceptionTranslationFilter@43ab0659, org.springframework.security.web.access.intercept.FilterSecurityInterceptor@1f5d7fd5]
2022-06-18 23:26:24.617 [main] INFO  o.s.security.web.DefaultSecurityFilterChain - Creating filter chain: any request, [org.springframework.security.web.context.request.async.WebAsyncManagerIntegrationFilter@4392362c, org.springframework.security.web.context.SecurityContextPersistenceFilter@681d704e, org.springframework.security.web.header.HeaderWriterFilter@70f98f7a, org.springframework.security.web.csrf.CsrfFilter@32328dc4, org.springframework.security.web.authentication.logout.LogoutFilter@1f1fbc9f, org.springframework.security.web.authentication.UsernamePasswordAuthenticationFilter@2b6fcca1, org.springframework.security.web.authentication.ui.DefaultLoginPageGeneratingFilter@3e6acec2, org.springframework.security.web.authentication.ui.DefaultLogoutPageGeneratingFilter@338a4c61, org.springframework.security.web.authentication.www.BasicAuthenticationFilter@164dea80, org.springframework.security.web.savedrequest.RequestCacheAwareFilter@846b47, org.springframework.security.web.servletapi.SecurityContextHolderAwareRequestFilter@3c3ab672, org.springframework.security.web.authentication.AnonymousAuthenticationFilter@839755f, org.springframework.security.web.session.SessionManagementFilter@713e7d9a, org.springframework.security.web.access.ExceptionTranslationFilter@1c8e8fed, org.springframework.security.web.access.intercept.FilterSecurityInterceptor@1e258d3b]
2022-06-18 23:26:24.767 [main] INFO  o.s.scheduling.concurrent.ThreadPoolTaskExecutor - Initializing ExecutorService 'applicationTaskExecutor'
2022-06-18 23:26:25.208 [main] WARN  o.s.b.a.freemarker.FreeMarkerAutoConfiguration - Cannot find template location(s): [classpath:/templates/] (please add some templates, check your FreeMarker configuration, or set spring.freemarker.checkTemplateLocation=false)
2022-06-18 23:26:25.255 [main] INFO  o.s.b.actuate.endpoint.web.EndpointLinksResolver - Exposing 2 endpoint(s) beneath base path '/actuator'
2022-06-18 23:26:25.282 [main] INFO  o.s.scheduling.concurrent.ThreadPoolTaskScheduler - Initializing ExecutorService 'taskScheduler'
2022-06-18 23:26:25.427 [main] INFO  org.apache.coyote.http11.Http11NioProtocol - Starting ProtocolHandler ["http-nio-8991"]
2022-06-18 23:26:25.446 [main] INFO  o.s.boot.web.embedded.tomcat.TomcatWebServer - Tomcat started on port(s): 8991 (http) with context path ''
2022-06-18 23:26:25.448 [main] INFO  com.hznu.xdd.Xdd_Application - Started Xdd_Application in 5.486 seconds (JVM running for 6.108)
2022-06-18 23:26:25.723 [RMI TCP Connection(2)-127.0.0.1] INFO  o.a.c.core.ContainerBase.[Tomcat].[localhost].[/] - Initializing Spring DispatcherServlet 'dispatcherServlet'
2022-06-18 23:26:25.723 [RMI TCP Connection(2)-127.0.0.1] INFO  org.springframework.web.servlet.DispatcherServlet - Initializing Servlet 'dispatcherServlet'
2022-06-18 23:26:25.732 [RMI TCP Connection(2)-127.0.0.1] INFO  org.springframework.web.servlet.DispatcherServlet - Completed initialization in 9 ms
2022-06-18 23:26:26.452 [parallel-1] INFO  io.lettuce.core.EpollProvider - Starting without optional epoll library
2022-06-18 23:26:26.453 [parallel-1] INFO  io.lettuce.core.KqueueProvider - Starting without optional kqueue library
2022-06-18 23:26:26.479 [parallel-1] WARN  io.netty.util.internal.MacAddressUtil - Failed to find a usable hardware address from the network interfaces; using random bytes: 62:24:c4:9a:e2:bd:82:53
2022-06-18 23:27:45.764 [Thread-15] INFO  o.s.scheduling.concurrent.ThreadPoolTaskScheduler - Shutting down ExecutorService 'taskScheduler'
2022-06-18 23:27:45.769 [Thread-15] INFO  o.s.scheduling.concurrent.ThreadPoolTaskExecutor - Shutting down ExecutorService 'applicationTaskExecutor'
2022-06-18 23:27:46.897 [Thread-15] INFO  com.alibaba.druid.pool.DruidDataSource - {dataSource-1} closing ...
2022-06-18 23:27:46.902 [Thread-15] INFO  com.alibaba.druid.pool.DruidDataSource - {dataSource-1} closed
2022-06-18 23:27:50.581 [main] INFO  o.s.c.s.PostProcessorRegistrationDelegate$BeanPostProcessorChecker - Bean 'org.springframework.cloud.autoconfigure.ConfigurationPropertiesRebinderAutoConfiguration' of type [org.springframework.cloud.autoconfigure.ConfigurationPropertiesRebinderAutoConfiguration$$EnhancerBySpringCGLIB$$e537a993] is not eligible for getting processed by all BeanPostProcessors (for example: not eligible for auto-proxying)
2022-06-18 23:27:50.711 [main] INFO  com.hznu.xdd.Xdd_Application - The following profiles are active: test
2022-06-18 23:27:51.421 [main] INFO  o.s.d.r.config.RepositoryConfigurationDelegate - Multiple Spring Data modules found, entering strict repository configuration mode!
2022-06-18 23:27:51.423 [main] INFO  o.s.d.r.config.RepositoryConfigurationDelegate - Bootstrapping Spring Data repositories in DEFAULT mode.
2022-06-18 23:27:51.462 [main] INFO  o.s.d.r.config.RepositoryConfigurationDelegate - Finished Spring Data repository scanning in 29ms. Found 0 repository interfaces.
2022-06-18 23:27:51.701 [main] INFO  o.springframework.cloud.context.scope.GenericScope - BeanFactory id=334c5501-7902-3cf8-9896-048e326ef0a5
2022-06-18 23:27:51.727 [main] INFO  o.s.c.s.PostProcessorRegistrationDelegate$BeanPostProcessorChecker - Bean 'asyncTaskExecutePool' of type [com.hznu.xdd.config.AsyncTaskExecutePool$$EnhancerBySpringCGLIB$$105f1219] is not eligible for getting processed by all BeanPostProcessors (for example: not eligible for auto-proxying)
2022-06-18 23:27:51.812 [main] INFO  o.s.c.s.PostProcessorRegistrationDelegate$BeanPostProcessorChecker - Bean 'org.springframework.transaction.annotation.ProxyTransactionManagementConfiguration' of type [org.springframework.transaction.annotation.ProxyTransactionManagementConfiguration$$EnhancerBySpringCGLIB$$c91da696] is not eligible for getting processed by all BeanPostProcessors (for example: not eligible for auto-proxying)
2022-06-18 23:27:51.916 [main] INFO  o.s.c.s.PostProcessorRegistrationDelegate$BeanPostProcessorChecker - Bean 'org.springframework.cloud.autoconfigure.ConfigurationPropertiesRebinderAutoConfiguration' of type [org.springframework.cloud.autoconfigure.ConfigurationPropertiesRebinderAutoConfiguration$$EnhancerBySpringCGLIB$$e537a993] is not eligible for getting processed by all BeanPostProcessors (for example: not eligible for auto-proxying)
2022-06-18 23:27:52.190 [main] INFO  o.s.boot.web.embedded.tomcat.TomcatWebServer - Tomcat initialized with port(s): 8991 (http)
2022-06-18 23:27:52.202 [main] INFO  org.apache.coyote.http11.Http11NioProtocol - Initializing ProtocolHandler ["http-nio-8991"]
2022-06-18 23:27:52.208 [main] INFO  org.apache.catalina.core.StandardService - Starting service [Tomcat]
2022-06-18 23:27:52.209 [main] INFO  org.apache.catalina.core.StandardEngine - Starting Servlet engine: [Apache Tomcat/9.0.19]
2022-06-18 23:27:52.280 [main] INFO  o.a.c.core.ContainerBase.[Tomcat].[localhost].[/] - Initializing Spring embedded WebApplicationContext
2022-06-18 23:27:52.280 [main] INFO  org.springframework.web.context.ContextLoader - Root WebApplicationContext: initialization completed in 1554 ms
2022-06-18 23:27:52.487 [main] INFO  c.a.d.s.b.a.DruidDataSourceAutoConfigure - Init DruidDataSource
2022-06-18 23:27:52.796 [main] INFO  com.alibaba.druid.pool.DruidDataSource - {dataSource-1} inited
2022-06-18 23:27:54.493 [main] INFO  o.s.security.web.DefaultSecurityFilterChain - Creating filter chain: OrRequestMatcher [requestMatchers=[Ant [pattern='/oauth/token'], Ant [pattern='/oauth/token_key'], Ant [pattern='/oauth/check_token']]], [org.springframework.security.web.context.request.async.WebAsyncManagerIntegrationFilter@654b899f, org.springframework.security.web.context.SecurityContextPersistenceFilter@4152bd0f, org.springframework.security.web.header.HeaderWriterFilter@67e11bda, org.springframework.security.web.authentication.logout.LogoutFilter@43ab0659, org.springframework.security.oauth2.provider.client.ClientCredentialsTokenEndpointFilter@37c87fcc, org.springframework.security.web.authentication.www.BasicAuthenticationFilter@7c69e1e1, org.springframework.security.web.savedrequest.RequestCacheAwareFilter@36665c11, org.springframework.security.web.servletapi.SecurityContextHolderAwareRequestFilter@7a62d697, org.springframework.security.web.authentication.AnonymousAuthenticationFilter@71468613, org.springframework.security.web.session.SessionManagementFilter@53ba25ff, org.springframework.security.web.access.ExceptionTranslationFilter@cf984d9, org.springframework.security.web.access.intercept.FilterSecurityInterceptor@79e2606f]
2022-06-18 23:27:54.503 [main] INFO  o.s.security.web.DefaultSecurityFilterChain - Creating filter chain: OrRequestMatcher [requestMatchers=[any request]], [org.springframework.security.web.context.request.async.WebAsyncManagerIntegrationFilter@23d0944b, org.springframework.security.web.context.SecurityContextPersistenceFilter@6d35ff7b, org.springframework.security.web.header.HeaderWriterFilter@2f0cab82, org.springframework.security.web.authentication.logout.LogoutFilter@1a819901, org.springframework.security.oauth2.provider.authentication.OAuth2AuthenticationProcessingFilter@751686aa, com.hznu.xdd.config.weixin.WeiXinMiniProgramAuthenticationFilter@72f24a84, org.springframework.security.web.savedrequest.RequestCacheAwareFilter@4ef31221, org.springframework.security.web.servletapi.SecurityContextHolderAwareRequestFilter@4e9e0c6, org.springframework.security.web.authentication.AnonymousAuthenticationFilter@49d543a9, org.springframework.security.web.session.SessionManagementFilter@7fcc3745, org.springframework.security.web.access.ExceptionTranslationFilter@510e4d79, org.springframework.security.web.access.intercept.FilterSecurityInterceptor@559e3f67]
2022-06-18 23:27:54.511 [main] INFO  o.s.security.web.DefaultSecurityFilterChain - Creating filter chain: any request, [org.springframework.security.web.context.request.async.WebAsyncManagerIntegrationFilter@40ac0a56, org.springframework.security.web.context.SecurityContextPersistenceFilter@2a54c92e, org.springframework.security.web.header.HeaderWriterFilter@e5c5e6, org.springframework.security.web.csrf.CsrfFilter@2cadcff6, org.springframework.security.web.authentication.logout.LogoutFilter@58ec8271, org.springframework.security.web.authentication.UsernamePasswordAuthenticationFilter@5eb2972f, org.springframework.security.web.authentication.ui.DefaultLoginPageGeneratingFilter@8cb7185, org.springframework.security.web.authentication.ui.DefaultLogoutPageGeneratingFilter@25b4754a, org.springframework.security.web.authentication.www.BasicAuthenticationFilter@a6dffdb, org.springframework.security.web.savedrequest.RequestCacheAwareFilter@31533eb1, org.springframework.security.web.servletapi.SecurityContextHolderAwareRequestFilter@1fb71788, org.springframework.security.web.authentication.AnonymousAuthenticationFilter@6ec3a4c2, org.springframework.security.web.session.SessionManagementFilter@76dc36e5, org.springframework.security.web.access.ExceptionTranslationFilter@762da62b, org.springframework.security.web.access.intercept.FilterSecurityInterceptor@73a49597]
2022-06-18 23:27:54.656 [main] INFO  o.s.scheduling.concurrent.ThreadPoolTaskExecutor - Initializing ExecutorService 'applicationTaskExecutor'
2022-06-18 23:27:55.089 [main] WARN  o.s.b.a.freemarker.FreeMarkerAutoConfiguration - Cannot find template location(s): [classpath:/templates/] (please add some templates, check your FreeMarker configuration, or set spring.freemarker.checkTemplateLocation=false)
2022-06-18 23:27:55.133 [main] INFO  o.s.b.actuate.endpoint.web.EndpointLinksResolver - Exposing 2 endpoint(s) beneath base path '/actuator'
2022-06-18 23:27:55.366 [main] INFO  o.s.scheduling.concurrent.ThreadPoolTaskScheduler - Initializing ExecutorService 'taskScheduler'
2022-06-18 23:27:55.523 [main] INFO  org.apache.coyote.http11.Http11NioProtocol - Starting ProtocolHandler ["http-nio-8991"]
2022-06-18 23:27:55.539 [main] INFO  o.s.boot.web.embedded.tomcat.TomcatWebServer - Tomcat started on port(s): 8991 (http) with context path ''
2022-06-18 23:27:55.541 [main] INFO  com.hznu.xdd.Xdd_Application - Started Xdd_Application in 5.501 seconds (JVM running for 6.143)
2022-06-18 23:27:55.602 [RMI TCP Connection(1)-127.0.0.1] INFO  o.a.c.core.ContainerBase.[Tomcat].[localhost].[/] - Initializing Spring DispatcherServlet 'dispatcherServlet'
2022-06-18 23:27:55.603 [RMI TCP Connection(1)-127.0.0.1] INFO  org.springframework.web.servlet.DispatcherServlet - Initializing Servlet 'dispatcherServlet'
2022-06-18 23:27:55.613 [RMI TCP Connection(1)-127.0.0.1] INFO  org.springframework.web.servlet.DispatcherServlet - Completed initialization in 10 ms
2022-06-18 23:27:56.279 [parallel-1] INFO  io.lettuce.core.EpollProvider - Starting without optional epoll library
2022-06-18 23:27:56.281 [parallel-1] INFO  io.lettuce.core.KqueueProvider - Starting without optional kqueue library
2022-06-18 23:27:56.303 [parallel-1] WARN  io.netty.util.internal.MacAddressUtil - Failed to find a usable hardware address from the network interfaces; using random bytes: 9e:b7:e4:71:a2:27:5d:67
2022-06-18 23:28:45.438 [Thread-15] INFO  o.s.scheduling.concurrent.ThreadPoolTaskScheduler - Shutting down ExecutorService 'taskScheduler'
2022-06-18 23:28:45.441 [Thread-15] INFO  o.s.scheduling.concurrent.ThreadPoolTaskExecutor - Shutting down ExecutorService 'applicationTaskExecutor'
2022-06-18 23:28:46.573 [Thread-15] INFO  com.alibaba.druid.pool.DruidDataSource - {dataSource-1} closing ...
2022-06-18 23:28:46.582 [Thread-15] INFO  com.alibaba.druid.pool.DruidDataSource - {dataSource-1} closed
2022-06-18 23:28:48.975 [main] INFO  o.s.c.s.PostProcessorRegistrationDelegate$BeanPostProcessorChecker - Bean 'org.springframework.cloud.autoconfigure.ConfigurationPropertiesRebinderAutoConfiguration' of type [org.springframework.cloud.autoconfigure.ConfigurationPropertiesRebinderAutoConfiguration$$EnhancerBySpringCGLIB$$f22fdd11] is not eligible for getting processed by all BeanPostProcessors (for example: not eligible for auto-proxying)
2022-06-18 23:28:49.110 [main] INFO  com.hznu.xdd.Xdd_Application - The following profiles are active: test
2022-06-18 23:28:49.854 [main] INFO  o.s.d.r.config.RepositoryConfigurationDelegate - Multiple Spring Data modules found, entering strict repository configuration mode!
2022-06-18 23:28:49.855 [main] INFO  o.s.d.r.config.RepositoryConfigurationDelegate - Bootstrapping Spring Data repositories in DEFAULT mode.
2022-06-18 23:28:49.896 [main] INFO  o.s.d.r.config.RepositoryConfigurationDelegate - Finished Spring Data repository scanning in 30ms. Found 0 repository interfaces.
2022-06-18 23:28:50.150 [main] INFO  o.springframework.cloud.context.scope.GenericScope - BeanFactory id=334c5501-7902-3cf8-9896-048e326ef0a5
2022-06-18 23:28:50.176 [main] INFO  o.s.c.s.PostProcessorRegistrationDelegate$BeanPostProcessorChecker - Bean 'asyncTaskExecutePool' of type [com.hznu.xdd.config.AsyncTaskExecutePool$$EnhancerBySpringCGLIB$$1d574597] is not eligible for getting processed by all BeanPostProcessors (for example: not eligible for auto-proxying)
2022-06-18 23:28:50.264 [main] INFO  o.s.c.s.PostProcessorRegistrationDelegate$BeanPostProcessorChecker - Bean 'org.springframework.transaction.annotation.ProxyTransactionManagementConfiguration' of type [org.springframework.transaction.annotation.ProxyTransactionManagementConfiguration$$EnhancerBySpringCGLIB$$d615da14] is not eligible for getting processed by all BeanPostProcessors (for example: not eligible for auto-proxying)
2022-06-18 23:28:50.356 [main] INFO  o.s.c.s.PostProcessorRegistrationDelegate$BeanPostProcessorChecker - Bean 'org.springframework.cloud.autoconfigure.ConfigurationPropertiesRebinderAutoConfiguration' of type [org.springframework.cloud.autoconfigure.ConfigurationPropertiesRebinderAutoConfiguration$$EnhancerBySpringCGLIB$$f22fdd11] is not eligible for getting processed by all BeanPostProcessors (for example: not eligible for auto-proxying)
2022-06-18 23:28:50.612 [main] INFO  o.s.boot.web.embedded.tomcat.TomcatWebServer - Tomcat initialized with port(s): 8991 (http)
2022-06-18 23:28:50.624 [main] INFO  org.apache.coyote.http11.Http11NioProtocol - Initializing ProtocolHandler ["http-nio-8991"]
2022-06-18 23:28:50.630 [main] INFO  org.apache.catalina.core.StandardService - Starting service [Tomcat]
2022-06-18 23:28:50.631 [main] INFO  org.apache.catalina.core.StandardEngine - Starting Servlet engine: [Apache Tomcat/9.0.19]
2022-06-18 23:28:50.703 [main] INFO  o.a.c.core.ContainerBase.[Tomcat].[localhost].[/] - Initializing Spring embedded WebApplicationContext
2022-06-18 23:28:50.703 [main] INFO  org.springframework.web.context.ContextLoader - Root WebApplicationContext: initialization completed in 1577 ms
2022-06-18 23:28:50.907 [main] INFO  c.a.d.s.b.a.DruidDataSourceAutoConfigure - Init DruidDataSource
2022-06-18 23:28:51.197 [main] INFO  com.alibaba.druid.pool.DruidDataSource - {dataSource-1} inited
2022-06-18 23:28:52.909 [main] INFO  o.s.security.web.DefaultSecurityFilterChain - Creating filter chain: OrRequestMatcher [requestMatchers=[Ant [pattern='/oauth/token'], Ant [pattern='/oauth/token_key'], Ant [pattern='/oauth/check_token']]], [org.springframework.security.web.context.request.async.WebAsyncManagerIntegrationFilter@75e4fe3c, org.springframework.security.web.context.SecurityContextPersistenceFilter@431babe6, org.springframework.security.web.header.HeaderWriterFilter@5341641d, org.springframework.security.web.authentication.logout.LogoutFilter@13ee97af, org.springframework.security.oauth2.provider.client.ClientCredentialsTokenEndpointFilter@74830d73, org.springframework.security.web.authentication.www.BasicAuthenticationFilter@17053b5, org.springframework.security.web.savedrequest.RequestCacheAwareFilter@2f73f0c7, org.springframework.security.web.servletapi.SecurityContextHolderAwareRequestFilter@11015ca0, org.springframework.security.web.authentication.AnonymousAuthenticationFilter@7bda01da, org.springframework.security.web.session.SessionManagementFilter@3006bfb, org.springframework.security.web.access.ExceptionTranslationFilter@2e3900dc, org.springframework.security.web.access.intercept.FilterSecurityInterceptor@10d4b573]
2022-06-18 23:28:52.919 [main] INFO  o.s.security.web.DefaultSecurityFilterChain - Creating filter chain: OrRequestMatcher [requestMatchers=[any request]], [org.springframework.security.web.context.request.async.WebAsyncManagerIntegrationFilter@6d35ff7b, org.springframework.security.web.context.SecurityContextPersistenceFilter@8d810f2, org.springframework.security.web.header.HeaderWriterFilter@380fdcf2, org.springframework.security.web.authentication.logout.LogoutFilter@31f5b923, org.springframework.security.oauth2.provider.authentication.OAuth2AuthenticationProcessingFilter@71468613, com.hznu.xdd.config.weixin.WeiXinMiniProgramAuthenticationFilter@4ef31221, org.springframework.security.web.savedrequest.RequestCacheAwareFilter@537b3be1, org.springframework.security.web.servletapi.SecurityContextHolderAwareRequestFilter@15d58530, org.springframework.security.web.authentication.AnonymousAuthenticationFilter@4e9e0c6, org.springframework.security.web.session.SessionManagementFilter@114b203, org.springframework.security.web.access.ExceptionTranslationFilter@2f6e92ca, org.springframework.security.web.access.intercept.FilterSecurityInterceptor@7fcc3745]
2022-06-18 23:28:52.927 [main] INFO  o.s.security.web.DefaultSecurityFilterChain - Creating filter chain: any request, [org.springframework.security.web.context.request.async.WebAsyncManagerIntegrationFilter@533e2f4, org.springframework.security.web.context.SecurityContextPersistenceFilter@638977e0, org.springframework.security.web.header.HeaderWriterFilter@73be4cdd, org.springframework.security.web.csrf.CsrfFilter@73dbe25, org.springframework.security.web.authentication.logout.LogoutFilter@21c34bf8, org.springframework.security.web.authentication.UsernamePasswordAuthenticationFilter@6d9428f3, org.springframework.security.web.authentication.ui.DefaultLoginPageGeneratingFilter@6d7865d6, org.springframework.security.web.authentication.ui.DefaultLogoutPageGeneratingFilter@436a563f, org.springframework.security.web.authentication.www.BasicAuthenticationFilter@492c9892, org.springframework.security.web.savedrequest.RequestCacheAwareFilter@2dc3ece8, org.springframework.security.web.servletapi.SecurityContextHolderAwareRequestFilter@2c1a8529, org.springframework.security.web.authentication.AnonymousAuthenticationFilter@538e74fc, org.springframework.security.web.session.SessionManagementFilter@751686aa, org.springframework.security.web.access.ExceptionTranslationFilter@149b53fa, org.springframework.security.web.access.intercept.FilterSecurityInterceptor@49d543a9]
2022-06-18 23:28:53.069 [main] INFO  o.s.scheduling.concurrent.ThreadPoolTaskExecutor - Initializing ExecutorService 'applicationTaskExecutor'
2022-06-18 23:28:53.499 [main] WARN  o.s.b.a.freemarker.FreeMarkerAutoConfiguration - Cannot find template location(s): [classpath:/templates/] (please add some templates, check your FreeMarker configuration, or set spring.freemarker.checkTemplateLocation=false)
2022-06-18 23:28:53.545 [main] INFO  o.s.b.actuate.endpoint.web.EndpointLinksResolver - Exposing 2 endpoint(s) beneath base path '/actuator'
2022-06-18 23:28:53.573 [main] INFO  o.s.scheduling.concurrent.ThreadPoolTaskScheduler - Initializing ExecutorService 'taskScheduler'
2022-06-18 23:28:53.907 [main] INFO  org.apache.coyote.http11.Http11NioProtocol - Starting ProtocolHandler ["http-nio-8991"]
2022-06-18 23:28:53.924 [main] INFO  o.s.boot.web.embedded.tomcat.TomcatWebServer - Tomcat started on port(s): 8991 (http) with context path ''
2022-06-18 23:28:53.926 [main] INFO  com.hznu.xdd.Xdd_Application - Started Xdd_Application in 5.491 seconds (JVM running for 5.991)
2022-06-18 23:28:54.066 [RMI TCP Connection(1)-127.0.0.1] INFO  o.a.c.core.ContainerBase.[Tomcat].[localhost].[/] - Initializing Spring DispatcherServlet 'dispatcherServlet'
2022-06-18 23:28:54.066 [RMI TCP Connection(1)-127.0.0.1] INFO  org.springframework.web.servlet.DispatcherServlet - Initializing Servlet 'dispatcherServlet'
2022-06-18 23:28:54.077 [RMI TCP Connection(1)-127.0.0.1] INFO  org.springframework.web.servlet.DispatcherServlet - Completed initialization in 11 ms
2022-06-18 23:28:54.727 [parallel-1] INFO  io.lettuce.core.EpollProvider - Starting without optional epoll library
2022-06-18 23:28:54.729 [parallel-1] INFO  io.lettuce.core.KqueueProvider - Starting without optional kqueue library
2022-06-18 23:28:54.755 [parallel-1] WARN  io.netty.util.internal.MacAddressUtil - Failed to find a usable hardware address from the network interfaces; using random bytes: 8e:c0:c4:40:22:d3:32:92
2022-06-18 23:32:46.178 [Thread-15] INFO  o.s.scheduling.concurrent.ThreadPoolTaskScheduler - Shutting down ExecutorService 'taskScheduler'
2022-06-18 23:32:46.181 [Thread-15] INFO  o.s.scheduling.concurrent.ThreadPoolTaskExecutor - Shutting down ExecutorService 'applicationTaskExecutor'
2022-06-18 23:32:47.301 [Thread-15] INFO  com.alibaba.druid.pool.DruidDataSource - {dataSource-1} closing ...
2022-06-18 23:32:47.307 [Thread-15] INFO  com.alibaba.druid.pool.DruidDataSource - {dataSource-1} closed
2022-06-18 23:32:53.360 [main] INFO  o.s.c.s.PostProcessorRegistrationDelegate$BeanPostProcessorChecker - Bean 'org.springframework.cloud.autoconfigure.ConfigurationPropertiesRebinderAutoConfiguration' of type [org.springframework.cloud.autoconfigure.ConfigurationPropertiesRebinderAutoConfiguration$$EnhancerBySpringCGLIB$$b0eace6f] is not eligible for getting processed by all BeanPostProcessors (for example: not eligible for auto-proxying)
2022-06-18 23:32:53.494 [main] INFO  com.hznu.xdd.Xdd_Application - The following profiles are active: test
2022-06-18 23:32:54.230 [main] INFO  o.s.d.r.config.RepositoryConfigurationDelegate - Multiple Spring Data modules found, entering strict repository configuration mode!
2022-06-18 23:32:54.232 [main] INFO  o.s.d.r.config.RepositoryConfigurationDelegate - Bootstrapping Spring Data repositories in DEFAULT mode.
2022-06-18 23:32:54.273 [main] INFO  o.s.d.r.config.RepositoryConfigurationDelegate - Finished Spring Data repository scanning in 30ms. Found 0 repository interfaces.
2022-06-18 23:32:54.530 [main] INFO  o.springframework.cloud.context.scope.GenericScope - BeanFactory id=334c5501-7902-3cf8-9896-048e326ef0a5
2022-06-18 23:32:54.557 [main] INFO  o.s.c.s.PostProcessorRegistrationDelegate$BeanPostProcessorChecker - Bean 'asyncTaskExecutePool' of type [com.hznu.xdd.config.AsyncTaskExecutePool$$EnhancerBySpringCGLIB$$dc1236f5] is not eligible for getting processed by all BeanPostProcessors (for example: not eligible for auto-proxying)
2022-06-18 23:32:54.642 [main] INFO  o.s.c.s.PostProcessorRegistrationDelegate$BeanPostProcessorChecker - Bean 'org.springframework.transaction.annotation.ProxyTransactionManagementConfiguration' of type [org.springframework.transaction.annotation.ProxyTransactionManagementConfiguration$$EnhancerBySpringCGLIB$$94d0cb72] is not eligible for getting processed by all BeanPostProcessors (for example: not eligible for auto-proxying)
2022-06-18 23:32:54.750 [main] INFO  o.s.c.s.PostProcessorRegistrationDelegate$BeanPostProcessorChecker - Bean 'org.springframework.cloud.autoconfigure.ConfigurationPropertiesRebinderAutoConfiguration' of type [org.springframework.cloud.autoconfigure.ConfigurationPropertiesRebinderAutoConfiguration$$EnhancerBySpringCGLIB$$b0eace6f] is not eligible for getting processed by all BeanPostProcessors (for example: not eligible for auto-proxying)
2022-06-18 23:32:55.042 [main] INFO  o.s.boot.web.embedded.tomcat.TomcatWebServer - Tomcat initialized with port(s): 8991 (http)
2022-06-18 23:32:55.054 [main] INFO  org.apache.coyote.http11.Http11NioProtocol - Initializing ProtocolHandler ["http-nio-8991"]
2022-06-18 23:32:55.061 [main] INFO  org.apache.catalina.core.StandardService - Starting service [Tomcat]
2022-06-18 23:32:55.061 [main] INFO  org.apache.catalina.core.StandardEngine - Starting Servlet engine: [Apache Tomcat/9.0.19]
2022-06-18 23:32:55.140 [main] INFO  o.a.c.core.ContainerBase.[Tomcat].[localhost].[/] - Initializing Spring embedded WebApplicationContext
2022-06-18 23:32:55.140 [main] INFO  org.springframework.web.context.ContextLoader - Root WebApplicationContext: initialization completed in 1631 ms
2022-06-18 23:32:55.349 [main] INFO  c.a.d.s.b.a.DruidDataSourceAutoConfigure - Init DruidDataSource
2022-06-18 23:32:55.621 [main] INFO  com.alibaba.druid.pool.DruidDataSource - {dataSource-1} inited
2022-06-18 23:32:57.382 [main] INFO  o.s.security.web.DefaultSecurityFilterChain - Creating filter chain: OrRequestMatcher [requestMatchers=[Ant [pattern='/oauth/token'], Ant [pattern='/oauth/token_key'], Ant [pattern='/oauth/check_token']]], [org.springframework.security.web.context.request.async.WebAsyncManagerIntegrationFilter@6bf0f70a, org.springframework.security.web.context.SecurityContextPersistenceFilter@6ea3a513, org.springframework.security.web.header.HeaderWriterFilter@31b6fb14, org.springframework.security.web.authentication.logout.LogoutFilter@70777a65, org.springframework.security.oauth2.provider.client.ClientCredentialsTokenEndpointFilter@2e7a9db7, org.springframework.security.web.authentication.www.BasicAuthenticationFilter@516c20de, org.springframework.security.web.savedrequest.RequestCacheAwareFilter@56881196, org.springframework.security.web.servletapi.SecurityContextHolderAwareRequestFilter@304744a1, org.springframework.security.web.authentication.AnonymousAuthenticationFilter@5310e451, org.springframework.security.web.session.SessionManagementFilter@2c56eba5, org.springframework.security.web.access.ExceptionTranslationFilter@5b490d5e, org.springframework.security.web.access.intercept.FilterSecurityInterceptor@4345fd45]
2022-06-18 23:32:57.392 [main] INFO  o.s.security.web.DefaultSecurityFilterChain - Creating filter chain: OrRequestMatcher [requestMatchers=[any request]], [org.springframework.security.web.context.request.async.WebAsyncManagerIntegrationFilter@2e0652ab, org.springframework.security.web.context.SecurityContextPersistenceFilter@6ac9b66b, org.springframework.security.web.header.HeaderWriterFilter@25421809, org.springframework.security.web.authentication.logout.LogoutFilter@5f3ddc86, org.springframework.security.oauth2.provider.authentication.OAuth2AuthenticationProcessingFilter@1f5d7fd5, com.hznu.xdd.config.weixin.WeiXinMiniProgramAuthenticationFilter@22c29aa8, org.springframework.security.web.savedrequest.RequestCacheAwareFilter@4491eaeb, org.springframework.security.web.servletapi.SecurityContextHolderAwareRequestFilter@71262020, org.springframework.security.web.authentication.AnonymousAuthenticationFilter@129b69b2, org.springframework.security.web.session.SessionManagementFilter@714bffd5, org.springframework.security.web.access.ExceptionTranslationFilter@644947ee, org.springframework.security.web.access.intercept.FilterSecurityInterceptor@70ee1963]
2022-06-18 23:32:57.400 [main] INFO  o.s.security.web.DefaultSecurityFilterChain - Creating filter chain: any request, [org.springframework.security.web.context.request.async.WebAsyncManagerIntegrationFilter@18cbc3c2, org.springframework.security.web.context.SecurityContextPersistenceFilter@50785f86, org.springframework.security.web.header.HeaderWriterFilter@1f1fbc9f, org.springframework.security.web.csrf.CsrfFilter@3c3ab672, org.springframework.security.web.authentication.logout.LogoutFilter@4392362c, org.springframework.security.web.authentication.UsernamePasswordAuthenticationFilter@42a05533, org.springframework.security.web.authentication.ui.DefaultLoginPageGeneratingFilter@2b6fcca1, org.springframework.security.web.authentication.ui.DefaultLogoutPageGeneratingFilter@1b25d695, org.springframework.security.web.authentication.www.BasicAuthenticationFilter@58021c3c, org.springframework.security.web.savedrequest.RequestCacheAwareFilter@7c3c3d67, org.springframework.security.web.servletapi.SecurityContextHolderAwareRequestFilter@1e258d3b, org.springframework.security.web.authentication.AnonymousAuthenticationFilter@4ef8090b, org.springframework.security.web.session.SessionManagementFilter@10d4b573, org.springframework.security.web.access.ExceptionTranslationFilter@77eb607e, org.springframework.security.web.access.intercept.FilterSecurityInterceptor@2328ec73]
2022-06-18 23:32:57.545 [main] INFO  o.s.scheduling.concurrent.ThreadPoolTaskExecutor - Initializing ExecutorService 'applicationTaskExecutor'
2022-06-18 23:32:57.978 [main] WARN  o.s.b.a.freemarker.FreeMarkerAutoConfiguration - Cannot find template location(s): [classpath:/templates/] (please add some templates, check your FreeMarker configuration, or set spring.freemarker.checkTemplateLocation=false)
2022-06-18 23:32:58.024 [main] INFO  o.s.b.actuate.endpoint.web.EndpointLinksResolver - Exposing 2 endpoint(s) beneath base path '/actuator'
2022-06-18 23:32:58.052 [main] INFO  o.s.scheduling.concurrent.ThreadPoolTaskScheduler - Initializing ExecutorService 'taskScheduler'
2022-06-18 23:32:58.400 [main] INFO  org.apache.coyote.http11.Http11NioProtocol - Starting ProtocolHandler ["http-nio-8991"]
2022-06-18 23:32:58.416 [main] INFO  o.s.boot.web.embedded.tomcat.TomcatWebServer - Tomcat started on port(s): 8991 (http) with context path ''
2022-06-18 23:32:58.419 [main] INFO  com.hznu.xdd.Xdd_Application - Started Xdd_Application in 5.597 seconds (JVM running for 6.205)
2022-06-18 23:32:58.971 [RMI TCP Connection(1)-127.0.0.1] INFO  o.a.c.core.ContainerBase.[Tomcat].[localhost].[/] - Initializing Spring DispatcherServlet 'dispatcherServlet'
2022-06-18 23:32:58.971 [RMI TCP Connection(1)-127.0.0.1] INFO  org.springframework.web.servlet.DispatcherServlet - Initializing Servlet 'dispatcherServlet'
2022-06-18 23:32:58.995 [RMI TCP Connection(1)-127.0.0.1] INFO  org.springframework.web.servlet.DispatcherServlet - Completed initialization in 23 ms
2022-06-18 23:32:59.683 [parallel-1] INFO  io.lettuce.core.EpollProvider - Starting without optional epoll library
2022-06-18 23:32:59.684 [parallel-1] INFO  io.lettuce.core.KqueueProvider - Starting without optional kqueue library
2022-06-18 23:32:59.706 [parallel-1] WARN  io.netty.util.internal.MacAddressUtil - Failed to find a usable hardware address from the network interfaces; using random bytes: f1:3e:fe:51:32:93:b9:cc
2022-06-18 23:35:10.087 [Thread-16] INFO  o.s.scheduling.concurrent.ThreadPoolTaskScheduler - Shutting down ExecutorService 'taskScheduler'
2022-06-18 23:35:10.091 [Thread-16] INFO  o.s.scheduling.concurrent.ThreadPoolTaskExecutor - Shutting down ExecutorService 'applicationTaskExecutor'
2022-06-18 23:35:11.225 [Thread-16] INFO  com.alibaba.druid.pool.DruidDataSource - {dataSource-1} closing ...
2022-06-18 23:35:11.233 [Thread-16] INFO  com.alibaba.druid.pool.DruidDataSource - {dataSource-1} closed
2022-06-18 23:35:17.207 [main] INFO  o.s.c.s.PostProcessorRegistrationDelegate$BeanPostProcessorChecker - Bean 'org.springframework.cloud.autoconfigure.ConfigurationPropertiesRebinderAutoConfiguration' of type [org.springframework.cloud.autoconfigure.ConfigurationPropertiesRebinderAutoConfiguration$$EnhancerBySpringCGLIB$$edf2af8] is not eligible for getting processed by all BeanPostProcessors (for example: not eligible for auto-proxying)
2022-06-18 23:35:17.338 [main] INFO  com.hznu.xdd.Xdd_Application - The following profiles are active: test
2022-06-18 23:35:18.042 [main] INFO  o.s.d.r.config.RepositoryConfigurationDelegate - Multiple Spring Data modules found, entering strict repository configuration mode!
2022-06-18 23:35:18.044 [main] INFO  o.s.d.r.config.RepositoryConfigurationDelegate - Bootstrapping Spring Data repositories in DEFAULT mode.
2022-06-18 23:35:18.085 [main] INFO  o.s.d.r.config.RepositoryConfigurationDelegate - Finished Spring Data repository scanning in 30ms. Found 0 repository interfaces.
2022-06-18 23:35:18.326 [main] INFO  o.springframework.cloud.context.scope.GenericScope - BeanFactory id=334c5501-7902-3cf8-9896-048e326ef0a5
2022-06-18 23:35:18.352 [main] INFO  o.s.c.s.PostProcessorRegistrationDelegate$BeanPostProcessorChecker - Bean 'asyncTaskExecutePool' of type [com.hznu.xdd.config.AsyncTaskExecutePool$$EnhancerBySpringCGLIB$$3a06937e] is not eligible for getting processed by all BeanPostProcessors (for example: not eligible for auto-proxying)
2022-06-18 23:35:18.438 [main] INFO  o.s.c.s.PostProcessorRegistrationDelegate$BeanPostProcessorChecker - Bean 'org.springframework.transaction.annotation.ProxyTransactionManagementConfiguration' of type [org.springframework.transaction.annotation.ProxyTransactionManagementConfiguration$$EnhancerBySpringCGLIB$$f2c527fb] is not eligible for getting processed by all BeanPostProcessors (for example: not eligible for auto-proxying)
2022-06-18 23:35:18.529 [main] INFO  o.s.c.s.PostProcessorRegistrationDelegate$BeanPostProcessorChecker - Bean 'org.springframework.cloud.autoconfigure.ConfigurationPropertiesRebinderAutoConfiguration' of type [org.springframework.cloud.autoconfigure.ConfigurationPropertiesRebinderAutoConfiguration$$EnhancerBySpringCGLIB$$edf2af8] is not eligible for getting processed by all BeanPostProcessors (for example: not eligible for auto-proxying)
2022-06-18 23:35:18.816 [main] INFO  o.s.boot.web.embedded.tomcat.TomcatWebServer - Tomcat initialized with port(s): 8991 (http)
2022-06-18 23:35:18.827 [main] INFO  org.apache.coyote.http11.Http11NioProtocol - Initializing ProtocolHandler ["http-nio-8991"]
2022-06-18 23:35:18.834 [main] INFO  org.apache.catalina.core.StandardService - Starting service [Tomcat]
2022-06-18 23:35:18.834 [main] INFO  org.apache.catalina.core.StandardEngine - Starting Servlet engine: [Apache Tomcat/9.0.19]
2022-06-18 23:35:18.909 [main] INFO  o.a.c.core.ContainerBase.[Tomcat].[localhost].[/] - Initializing Spring embedded WebApplicationContext
2022-06-18 23:35:18.910 [main] INFO  org.springframework.web.context.ContextLoader - Root WebApplicationContext: initialization completed in 1556 ms
2022-06-18 23:35:19.118 [main] INFO  c.a.d.s.b.a.DruidDataSourceAutoConfigure - Init DruidDataSource
2022-06-18 23:35:19.406 [main] INFO  com.alibaba.druid.pool.DruidDataSource - {dataSource-1} inited
2022-06-18 23:35:21.079 [main] INFO  o.s.security.web.DefaultSecurityFilterChain - Creating filter chain: OrRequestMatcher [requestMatchers=[Ant [pattern='/oauth/token'], Ant [pattern='/oauth/token_key'], Ant [pattern='/oauth/check_token']]], [org.springframework.security.web.context.request.async.WebAsyncManagerIntegrationFilter@3006bfb, org.springframework.security.web.context.SecurityContextPersistenceFilter@6fc0e448, org.springframework.security.web.header.HeaderWriterFilter@2c1ea7be, org.springframework.security.web.authentication.logout.LogoutFilter@1c58d7be, org.springframework.security.oauth2.provider.client.ClientCredentialsTokenEndpointFilter@75b363c3, org.springframework.security.web.authentication.www.BasicAuthenticationFilter@2a16d4dc, org.springframework.security.web.savedrequest.RequestCacheAwareFilter@1f48fa72, org.springframework.security.web.servletapi.SecurityContextHolderAwareRequestFilter@3cb04dd, org.springframework.security.web.authentication.AnonymousAuthenticationFilter@4fd37449, org.springframework.security.web.session.SessionManagementFilter@173a5fad, org.springframework.security.web.access.ExceptionTranslationFilter@4e8afdad, org.springframework.security.web.access.intercept.FilterSecurityInterceptor@9147ba2]
2022-06-18 23:35:21.089 [main] INFO  o.s.security.web.DefaultSecurityFilterChain - Creating filter chain: OrRequestMatcher [requestMatchers=[any request]], [org.springframework.security.web.context.request.async.WebAsyncManagerIntegrationFilter@4345fd45, org.springframework.security.web.context.SecurityContextPersistenceFilter@70c31b17, org.springframework.security.web.header.HeaderWriterFilter@4fdac2a7, org.springframework.security.web.authentication.logout.LogoutFilter@24018c8b, org.springframework.security.oauth2.provider.authentication.OAuth2AuthenticationProcessingFilter@5a7e81, com.hznu.xdd.config.weixin.WeiXinMiniProgramAuthenticationFilter@4152bd0f, org.springframework.security.web.savedrequest.RequestCacheAwareFilter@40863800, org.springframework.security.web.servletapi.SecurityContextHolderAwareRequestFilter@5950054d, org.springframework.security.web.authentication.AnonymousAuthenticationFilter@10d905c1, org.springframework.security.web.session.SessionManagementFilter@8debe42, org.springframework.security.web.access.ExceptionTranslationFilter@2f73f0c7, org.springframework.security.web.access.intercept.FilterSecurityInterceptor@2976ef56]
2022-06-18 23:35:21.097 [main] INFO  o.s.security.web.DefaultSecurityFilterChain - Creating filter chain: any request, [org.springframework.security.web.context.request.async.WebAsyncManagerIntegrationFilter@1255de25, org.springframework.security.web.context.SecurityContextPersistenceFilter@2faf6e4a, org.springframework.security.web.header.HeaderWriterFilter@1827fc4e, org.springframework.security.web.csrf.CsrfFilter@5e8f0f98, org.springframework.security.web.authentication.logout.LogoutFilter@71262020, org.springframework.security.web.authentication.UsernamePasswordAuthenticationFilter@42e202d7, org.springframework.security.web.authentication.ui.DefaultLoginPageGeneratingFilter@25421809, org.springframework.security.web.authentication.ui.DefaultLogoutPageGeneratingFilter@1686ed85, org.springframework.security.web.authentication.www.BasicAuthenticationFilter@40738846, org.springframework.security.web.savedrequest.RequestCacheAwareFilter@43ab0659, org.springframework.security.web.servletapi.SecurityContextHolderAwareRequestFilter@644947ee, org.springframework.security.web.authentication.AnonymousAuthenticationFilter@5891b7c5, org.springframework.security.web.session.SessionManagementFilter@4c41a177, org.springframework.security.web.access.ExceptionTranslationFilter@74830d73, org.springframework.security.web.access.intercept.FilterSecurityInterceptor@738a39cc]
2022-06-18 23:35:21.245 [main] INFO  o.s.scheduling.concurrent.ThreadPoolTaskExecutor - Initializing ExecutorService 'applicationTaskExecutor'
2022-06-18 23:35:21.729 [main] WARN  o.s.b.a.freemarker.FreeMarkerAutoConfiguration - Cannot find template location(s): [classpath:/templates/] (please add some templates, check your FreeMarker configuration, or set spring.freemarker.checkTemplateLocation=false)
2022-06-18 23:35:21.775 [main] INFO  o.s.b.actuate.endpoint.web.EndpointLinksResolver - Exposing 2 endpoint(s) beneath base path '/actuator'
2022-06-18 23:35:21.809 [main] INFO  o.s.scheduling.concurrent.ThreadPoolTaskScheduler - Initializing ExecutorService 'taskScheduler'
2022-06-18 23:35:22.154 [main] INFO  org.apache.coyote.http11.Http11NioProtocol - Starting ProtocolHandler ["http-nio-8991"]
2022-06-18 23:35:22.170 [main] INFO  o.s.boot.web.embedded.tomcat.TomcatWebServer - Tomcat started on port(s): 8991 (http) with context path ''
2022-06-18 23:35:22.172 [main] INFO  com.hznu.xdd.Xdd_Application - Started Xdd_Application in 5.541 seconds (JVM running for 6.178)
2022-06-18 23:35:22.241 [RMI TCP Connection(1)-127.0.0.1] INFO  o.a.c.core.ContainerBase.[Tomcat].[localhost].[/] - Initializing Spring DispatcherServlet 'dispatcherServlet'
2022-06-18 23:35:22.241 [RMI TCP Connection(1)-127.0.0.1] INFO  org.springframework.web.servlet.DispatcherServlet - Initializing Servlet 'dispatcherServlet'
2022-06-18 23:35:22.253 [RMI TCP Connection(1)-127.0.0.1] INFO  org.springframework.web.servlet.DispatcherServlet - Completed initialization in 11 ms
2022-06-18 23:35:22.939 [parallel-1] INFO  io.lettuce.core.EpollProvider - Starting without optional epoll library
2022-06-18 23:35:22.941 [parallel-1] INFO  io.lettuce.core.KqueueProvider - Starting without optional kqueue library
2022-06-18 23:35:22.965 [parallel-1] WARN  io.netty.util.internal.MacAddressUtil - Failed to find a usable hardware address from the network interfaces; using random bytes: 3c:7e:4d:96:68:1d:6a:83
2022-06-18 23:49:38.203 [Thread-15] INFO  o.s.scheduling.concurrent.ThreadPoolTaskScheduler - Shutting down ExecutorService 'taskScheduler'
2022-06-18 23:49:38.206 [Thread-15] INFO  o.s.scheduling.concurrent.ThreadPoolTaskExecutor - Shutting down ExecutorService 'applicationTaskExecutor'
2022-06-18 23:49:39.332 [Thread-15] INFO  com.alibaba.druid.pool.DruidDataSource - {dataSource-1} closing ...
2022-06-18 23:49:39.338 [Thread-15] INFO  com.alibaba.druid.pool.DruidDataSource - {dataSource-1} closed
