2022-06-01 11:46:31.196 [main] DEBUG org.mybatis.generator.logging.LogFactory - Logging initialized using 'org.mybatis.generator.logging.slf4j.Slf4jLoggingLogFactory@4d5d943d' adapter.
2022-06-01 11:46:31.203 [main] DEBUG o.m.generator.internal.db.DatabaseIntrospector - Retrieving column information for table "course"
2022-06-01 11:46:31.267 [main] DEBUG o.m.generator.internal.db.DatabaseIntrospector - Found column "create_time", data type 93, in table "weakee_xcx_test..course"
2022-06-01 11:46:31.267 [main] DEBUG o.m.generator.internal.db.DatabaseIntrospector - Found column "update_time", data type 93, in table "weakee_xcx_test..course"
2022-06-01 11:46:31.268 [main] DEBUG o.m.generator.internal.db.DatabaseIntrospector - Found column "is_delete", data type -7, in table "weakee_xcx_test..course"
2022-06-01 11:46:31.268 [main] DEBUG o.m.generator.internal.db.DatabaseIntrospector - Found column "id", data type 4, in table "weakee_xcx_test..course"
2022-06-01 11:46:31.268 [main] DEBUG o.m.generator.internal.db.DatabaseIntrospector - Found column "name", data type 12, in table "weakee_xcx_test..course"
2022-06-01 11:46:31.269 [main] DEBUG o.m.generator.internal.db.DatabaseIntrospector - Found column "credit", data type 8, in table "weakee_xcx_test..course"
2022-06-01 11:46:31.269 [main] DEBUG o.m.generator.internal.db.DatabaseIntrospector - Found column "is_online", data type -7, in table "weakee_xcx_test..course"
2022-06-01 11:46:31.270 [main] DEBUG o.m.generator.internal.db.DatabaseIntrospector - Found column "school_id", data type 4, in table "weakee_xcx_test..course"
2022-06-01 11:46:31.271 [main] DEBUG o.m.generator.internal.db.DatabaseIntrospector - Found column "college_id", data type 4, in table "weakee_xcx_test..course"
2022-06-01 11:46:31.271 [main] DEBUG o.m.generator.internal.db.DatabaseIntrospector - Found column "campus_id", data type 4, in table "weakee_xcx_test..course"
2022-06-01 11:46:31.271 [main] DEBUG o.m.generator.internal.db.DatabaseIntrospector - Found column "teachers_id", data type 12, in table "weakee_xcx_test..course"
2022-06-01 11:46:31.272 [main] DEBUG o.m.generator.internal.db.DatabaseIntrospector - Found column "official_id", data type 4, in table "weakee_xcx_test..course"
2022-06-01 11:46:31.292 [main] DEBUG o.m.generator.internal.db.DatabaseIntrospector - Retrieving column information for table "teacher"
2022-06-01 11:46:31.329 [main] DEBUG o.m.generator.internal.db.DatabaseIntrospector - Found column "create_time", data type 93, in table "weakee_xcx_test..teacher"
2022-06-01 11:46:31.329 [main] DEBUG o.m.generator.internal.db.DatabaseIntrospector - Found column "update_time", data type 93, in table "weakee_xcx_test..teacher"
2022-06-01 11:46:31.330 [main] DEBUG o.m.generator.internal.db.DatabaseIntrospector - Found column "is_delete", data type -7, in table "weakee_xcx_test..teacher"
2022-06-01 11:46:31.331 [main] DEBUG o.m.generator.internal.db.DatabaseIntrospector - Found column "id", data type 4, in table "weakee_xcx_test..teacher"
2022-06-01 11:46:31.331 [main] DEBUG o.m.generator.internal.db.DatabaseIntrospector - Found column "name", data type 12, in table "weakee_xcx_test..teacher"
2022-06-01 11:46:31.332 [main] DEBUG o.m.generator.internal.db.DatabaseIntrospector - Found column "school_id", data type 4, in table "weakee_xcx_test..teacher"
2022-06-01 11:46:31.332 [main] DEBUG o.m.generator.internal.db.DatabaseIntrospector - Found column "college_id", data type 4, in table "weakee_xcx_test..teacher"
2022-06-01 11:46:31.347 [main] DEBUG o.m.generator.internal.db.DatabaseIntrospector - Retrieving column information for table "course_comment"
2022-06-01 11:46:31.359 [main] DEBUG o.m.generator.internal.db.DatabaseIntrospector - Found column "create_time", data type 93, in table "weakee_xcx_test..course_comment"
2022-06-01 11:46:31.360 [main] DEBUG o.m.generator.internal.db.DatabaseIntrospector - Found column "update_time", data type 93, in table "weakee_xcx_test..course_comment"
2022-06-01 11:46:31.360 [main] DEBUG o.m.generator.internal.db.DatabaseIntrospector - Found column "is_delete", data type -7, in table "weakee_xcx_test..course_comment"
2022-06-01 11:46:31.361 [main] DEBUG o.m.generator.internal.db.DatabaseIntrospector - Found column "id", data type 4, in table "weakee_xcx_test..course_comment"
2022-06-01 11:46:31.361 [main] DEBUG o.m.generator.internal.db.DatabaseIntrospector - Found column "user_id", data type 4, in table "weakee_xcx_test..course_comment"
2022-06-01 11:46:31.362 [main] DEBUG o.m.generator.internal.db.DatabaseIntrospector - Found column "course_id", data type 4, in table "weakee_xcx_test..course_comment"
2022-06-01 11:46:31.362 [main] DEBUG o.m.generator.internal.db.DatabaseIntrospector - Found column "content", data type 12, in table "weakee_xcx_test..course_comment"
2022-06-01 11:46:31.362 [main] DEBUG o.m.generator.internal.db.DatabaseIntrospector - Found column "teacher_id", data type 4, in table "weakee_xcx_test..course_comment"
2022-06-01 11:46:31.363 [main] DEBUG o.m.generator.internal.db.DatabaseIntrospector - Found column "parent_id", data type 4, in table "weakee_xcx_test..course_comment"
2022-06-01 11:46:31.363 [main] DEBUG o.m.generator.internal.db.DatabaseIntrospector - Found column "is_roll", data type -7, in table "weakee_xcx_test..course_comment"
2022-06-01 11:46:31.364 [main] DEBUG o.m.generator.internal.db.DatabaseIntrospector - Found column "teacher_score", data type 3, in table "weakee_xcx_test..course_comment"
2022-06-01 11:46:31.364 [main] DEBUG o.m.generator.internal.db.DatabaseIntrospector - Found column "credit", data type 8, in table "weakee_xcx_test..course_comment"
2022-06-01 11:46:31.364 [main] DEBUG o.m.generator.internal.db.DatabaseIntrospector - Found column "is_anonymous", data type -7, in table "weakee_xcx_test..course_comment"
2022-06-01 11:46:31.381 [main] DEBUG o.m.generator.internal.db.DatabaseIntrospector - Retrieving column information for table "school"
2022-06-01 11:46:31.392 [main] DEBUG o.m.generator.internal.db.DatabaseIntrospector - Found column "create_time", data type 93, in table "weakee_xcx_test..school"
2022-06-01 11:46:31.392 [main] DEBUG o.m.generator.internal.db.DatabaseIntrospector - Found column "update_time", data type 93, in table "weakee_xcx_test..school"
2022-06-01 11:46:31.393 [main] DEBUG o.m.generator.internal.db.DatabaseIntrospector - Found column "is_delete", data type -7, in table "weakee_xcx_test..school"
2022-06-01 11:46:31.393 [main] DEBUG o.m.generator.internal.db.DatabaseIntrospector - Found column "id", data type 4, in table "weakee_xcx_test..school"
2022-06-01 11:46:31.394 [main] DEBUG o.m.generator.internal.db.DatabaseIntrospector - Found column "name", data type 12, in table "weakee_xcx_test..school"
2022-06-01 11:46:31.498 [main] DEBUG o.m.generator.internal.db.DatabaseIntrospector - Retrieving column information for table "campus"
2022-06-01 11:46:31.511 [main] DEBUG o.m.generator.internal.db.DatabaseIntrospector - Found column "create_time", data type 93, in table "weakee_xcx_test..campus"
2022-06-01 11:46:31.512 [main] DEBUG o.m.generator.internal.db.DatabaseIntrospector - Found column "update_time", data type 93, in table "weakee_xcx_test..campus"
2022-06-01 11:46:31.512 [main] DEBUG o.m.generator.internal.db.DatabaseIntrospector - Found column "is_delete", data type -7, in table "weakee_xcx_test..campus"
2022-06-01 11:46:31.512 [main] DEBUG o.m.generator.internal.db.DatabaseIntrospector - Found column "id", data type 4, in table "weakee_xcx_test..campus"
2022-06-01 11:46:31.513 [main] DEBUG o.m.generator.internal.db.DatabaseIntrospector - Found column "name", data type 12, in table "weakee_xcx_test..campus"
2022-06-01 11:46:31.513 [main] DEBUG o.m.generator.internal.db.DatabaseIntrospector - Found column "school_id", data type 4, in table "weakee_xcx_test..campus"
2022-06-01 11:46:31.529 [main] DEBUG o.m.generator.internal.db.DatabaseIntrospector - Retrieving column information for table "college"
2022-06-01 11:46:31.580 [main] DEBUG o.m.generator.internal.db.DatabaseIntrospector - Found column "create_time", data type 93, in table "weakee_xcx_test..college"
2022-06-01 11:46:31.581 [main] DEBUG o.m.generator.internal.db.DatabaseIntrospector - Found column "update_time", data type 93, in table "weakee_xcx_test..college"
2022-06-01 11:46:31.582 [main] DEBUG o.m.generator.internal.db.DatabaseIntrospector - Found column "is_delete", data type -7, in table "weakee_xcx_test..college"
2022-06-01 11:46:31.582 [main] DEBUG o.m.generator.internal.db.DatabaseIntrospector - Found column "id", data type 4, in table "weakee_xcx_test..college"
2022-06-01 11:46:31.583 [main] DEBUG o.m.generator.internal.db.DatabaseIntrospector - Found column "name", data type 12, in table "weakee_xcx_test..college"
2022-06-01 11:46:31.583 [main] DEBUG o.m.generator.internal.db.DatabaseIntrospector - Found column "school_id", data type 4, in table "weakee_xcx_test..college"
2022-06-01 11:46:31.650 [main] DEBUG c.itfsw.mybatis.generator.plugins.utils.BasePlugin - itfsw(MySQL分页插件):courseDOExample增加offset和rows字段
2022-06-01 11:46:31.653 [main] DEBUG c.itfsw.mybatis.generator.plugins.utils.BasePlugin - itfsw(MySQL分页插件):courseDOExample增加offset和rows的getter和setter实现。
2022-06-01 11:46:31.653 [main] DEBUG c.itfsw.mybatis.generator.plugins.utils.BasePlugin - itfsw(MySQL分页插件):courseDOExample增加limit方法。
2022-06-01 11:46:31.653 [main] DEBUG c.itfsw.mybatis.generator.plugins.utils.BasePlugin - itfsw(MySQL分页插件):courseDOExample增加page方法
2022-06-01 11:46:31.653 [main] DEBUG c.itfsw.mybatis.generator.plugins.utils.BasePlugin - itfsw(MySQL分页插件):courseDOExample修改clear方法,增加rows和offset字段的清空
2022-06-01 11:46:31.674 [main] DEBUG c.itfsw.mybatis.generator.plugins.utils.BasePlugin - itfsw(MySQL分页插件):teacherDOExample增加offset和rows字段
2022-06-01 11:46:31.675 [main] DEBUG c.itfsw.mybatis.generator.plugins.utils.BasePlugin - itfsw(MySQL分页插件):teacherDOExample增加offset和rows的getter和setter实现。
2022-06-01 11:46:31.675 [main] DEBUG c.itfsw.mybatis.generator.plugins.utils.BasePlugin - itfsw(MySQL分页插件):teacherDOExample增加limit方法。
2022-06-01 11:46:31.675 [main] DEBUG c.itfsw.mybatis.generator.plugins.utils.BasePlugin - itfsw(MySQL分页插件):teacherDOExample增加page方法
2022-06-01 11:46:31.675 [main] DEBUG c.itfsw.mybatis.generator.plugins.utils.BasePlugin - itfsw(MySQL分页插件):teacherDOExample修改clear方法,增加rows和offset字段的清空
2022-06-01 11:46:31.678 [main] DEBUG c.itfsw.mybatis.generator.plugins.utils.BasePlugin - itfsw(MySQL分页插件):courseCommentDOExample增加offset和rows字段
2022-06-01 11:46:31.679 [main] DEBUG c.itfsw.mybatis.generator.plugins.utils.BasePlugin - itfsw(MySQL分页插件):courseCommentDOExample增加offset和rows的getter和setter实现。
2022-06-01 11:46:31.679 [main] DEBUG c.itfsw.mybatis.generator.plugins.utils.BasePlugin - itfsw(MySQL分页插件):courseCommentDOExample增加limit方法。
2022-06-01 11:46:31.679 [main] DEBUG c.itfsw.mybatis.generator.plugins.utils.BasePlugin - itfsw(MySQL分页插件):courseCommentDOExample增加page方法
2022-06-01 11:46:31.679 [main] DEBUG c.itfsw.mybatis.generator.plugins.utils.BasePlugin - itfsw(MySQL分页插件):courseCommentDOExample修改clear方法,增加rows和offset字段的清空
2022-06-01 11:46:31.682 [main] DEBUG c.itfsw.mybatis.generator.plugins.utils.BasePlugin - itfsw(MySQL分页插件):schoolDOExample增加offset和rows字段
2022-06-01 11:46:31.682 [main] DEBUG c.itfsw.mybatis.generator.plugins.utils.BasePlugin - itfsw(MySQL分页插件):schoolDOExample增加offset和rows的getter和setter实现。
2022-06-01 11:46:31.683 [main] DEBUG c.itfsw.mybatis.generator.plugins.utils.BasePlugin - itfsw(MySQL分页插件):schoolDOExample增加limit方法。
2022-06-01 11:46:31.683 [main] DEBUG c.itfsw.mybatis.generator.plugins.utils.BasePlugin - itfsw(MySQL分页插件):schoolDOExample增加page方法
2022-06-01 11:46:31.683 [main] DEBUG c.itfsw.mybatis.generator.plugins.utils.BasePlugin - itfsw(MySQL分页插件):schoolDOExample修改clear方法,增加rows和offset字段的清空
2022-06-01 11:46:31.685 [main] DEBUG c.itfsw.mybatis.generator.plugins.utils.BasePlugin - itfsw(MySQL分页插件):campusDOExample增加offset和rows字段
2022-06-01 11:46:31.685 [main] DEBUG c.itfsw.mybatis.generator.plugins.utils.BasePlugin - itfsw(MySQL分页插件):campusDOExample增加offset和rows的getter和setter实现。
2022-06-01 11:46:31.685 [main] DEBUG c.itfsw.mybatis.generator.plugins.utils.BasePlugin - itfsw(MySQL分页插件):campusDOExample增加limit方法。
2022-06-01 11:46:31.686 [main] DEBUG c.itfsw.mybatis.generator.plugins.utils.BasePlugin - itfsw(MySQL分页插件):campusDOExample增加page方法
2022-06-01 11:46:31.686 [main] DEBUG c.itfsw.mybatis.generator.plugins.utils.BasePlugin - itfsw(MySQL分页插件):campusDOExample修改clear方法,增加rows和offset字段的清空
2022-06-01 11:46:31.688 [main] DEBUG c.itfsw.mybatis.generator.plugins.utils.BasePlugin - itfsw(MySQL分页插件):collegeDOExample增加offset和rows字段
2022-06-01 11:46:31.688 [main] DEBUG c.itfsw.mybatis.generator.plugins.utils.BasePlugin - itfsw(MySQL分页插件):collegeDOExample增加offset和rows的getter和setter实现。
2022-06-01 11:46:31.688 [main] DEBUG c.itfsw.mybatis.generator.plugins.utils.BasePlugin - itfsw(MySQL分页插件):collegeDOExample增加limit方法。
2022-06-01 11:46:31.689 [main] DEBUG c.itfsw.mybatis.generator.plugins.utils.BasePlugin - itfsw(MySQL分页插件):collegeDOExample增加page方法
2022-06-01 11:46:31.689 [main] DEBUG c.itfsw.mybatis.generator.plugins.utils.BasePlugin - itfsw(MySQL分页插件):collegeDOExample修改clear方法,增加rows和offset字段的清空
